C:\USERS\MAHMOUDI5\DOCUMENTS\VISUAL STUDIO 2010\PROJECTS\EVILMONKEYS\DEBUG\EVILMONKEYS.EXE
C:\USERS\MAHMOUDI5\DOCUMENTS\VISUAL STUDIO 2010\PROJECTS\EVILMONKEYS\DEBUG\EVILMONKEYS.ILK
C:\USERS\MAHMOUDI5\DOCUMENTS\VISUAL STUDIO 2010\PROJECTS\EVILMONKEYS\DEBUG\EVILMONKEYS.PDB
C:\USERS\MAHMOUDI5\DOCUMENTS\VISUAL STUDIO 2010\PROJECTS\EVILMONKEYS\EVILMONKEYS\DEBUG\CHARACTER.OBJ
C:\Users\Mahmoudi5\documents\visual studio 2010\Projects\EvilMonkeys\EvilMonkeys\Debug\cl.command.1.tlog
C:\Users\Mahmoudi5\documents\visual studio 2010\Projects\EvilMonkeys\EvilMonkeys\Debug\CL.read.1.tlog
C:\Users\Mahmoudi5\documents\visual studio 2010\Projects\EvilMonkeys\EvilMonkeys\Debug\CL.write.1.tlog
C:\USERS\MAHMOUDI5\DOCUMENTS\VISUAL STUDIO 2010\PROJECTS\EVILMONKEYS\EVILMONKEYS\DEBUG\DRAWENGINE.OBJ
C:\USERS\MAHMOUDI5\DOCUMENTS\VISUAL STUDIO 2010\PROJECTS\EVILMONKEYS\EVILMONKEYS\DEBUG\ENEMY.OBJ
C:\USERS\MAHMOUDI5\DOCUMENTS\VISUAL STUDIO 2010\PROJECTS\EVILMONKEYS\EVILMONKEYS\DEBUG\EVILMONKEYS.EXE.EMBED.MANIFEST
C:\USERS\MAHMOUDI5\DOCUMENTS\VISUAL STUDIO 2010\PROJECTS\EVILMONKEYS\EVILMONKEYS\DEBUG\EVILMONKEYS.EXE.EMBED.MANIFEST.RES
C:\USERS\MAHMOUDI5\DOCUMENTS\VISUAL STUDIO 2010\PROJECTS\EVILMONKEYS\EVILMONKEYS\DEBUG\EVILMONKEYS.EXE.INTERMEDIATE.MANIFEST
C:\Users\Mahmoudi5\documents\visual studio 2010\Projects\EvilMonkeys\EvilMonkeys\Debug\EvilMonkeys_manifest.rc
C:\USERS\MAHMOUDI5\DOCUMENTS\VISUAL STUDIO 2010\PROJECTS\EVILMONKEYS\EVILMONKEYS\DEBUG\FIREBALL.OBJ
C:\USERS\MAHMOUDI5\DOCUMENTS\VISUAL STUDIO 2010\PROJECTS\EVILMONKEYS\EVILMONKEYS\DEBUG\GAME.OBJ
C:\USERS\MAHMOUDI5\DOCUMENTS\VISUAL STUDIO 2010\PROJECTS\EVILMONKEYS\EVILMONKEYS\DEBUG\LEVEL.OBJ
C:\Users\Mahmoudi5\documents\visual studio 2010\Projects\EvilMonkeys\EvilMonkeys\Debug\link.3032.read.1.tlog
C:\Users\Mahmoudi5\documents\visual studio 2010\Projects\EvilMonkeys\EvilMonkeys\Debug\link.3032.write.1.tlog
C:\Users\Mahmoudi5\documents\visual studio 2010\Projects\EvilMonkeys\EvilMonkeys\Debug\link.3032-cvtres.read.1.tlog
C:\Users\Mahmoudi5\documents\visual studio 2010\Projects\EvilMonkeys\EvilMonkeys\Debug\link.3032-cvtres.write.1.tlog
C:\Users\Mahmoudi5\documents\visual studio 2010\Projects\EvilMonkeys\EvilMonkeys\Debug\link.304.read.1.tlog
C:\Users\Mahmoudi5\documents\visual studio 2010\Projects\EvilMonkeys\EvilMonkeys\Debug\link.304.write.1.tlog
C:\Users\Mahmoudi5\documents\visual studio 2010\Projects\EvilMonkeys\EvilMonkeys\Debug\link.304-cvtres.read.1.tlog
C:\Users\Mahmoudi5\documents\visual studio 2010\Projects\EvilMonkeys\EvilMonkeys\Debug\link.304-cvtres.write.1.tlog
C:\Users\Mahmoudi5\documents\visual studio 2010\Projects\EvilMonkeys\EvilMonkeys\Debug\link.3824.read.1.tlog
C:\Users\Mahmoudi5\documents\visual studio 2010\Projects\EvilMonkeys\EvilMonkeys\Debug\link.3824.write.1.tlog
C:\Users\Mahmoudi5\documents\visual studio 2010\Projects\EvilMonkeys\EvilMonkeys\Debug\link.3824-cvtres.read.1.tlog
C:\Users\Mahmoudi5\documents\visual studio 2010\Projects\EvilMonkeys\EvilMonkeys\Debug\link.3824-cvtres.write.1.tlog
C:\Users\Mahmoudi5\documents\visual studio 2010\Projects\EvilMonkeys\EvilMonkeys\Debug\link.3896.read.1.tlog
C:\Users\Mahmoudi5\documents\visual studio 2010\Projects\EvilMonkeys\EvilMonkeys\Debug\link.3896.write.1.tlog
C:\Users\Mahmoudi5\documents\visual studio 2010\Projects\EvilMonkeys\EvilMonkeys\Debug\link.3896-cvtres.read.1.tlog
C:\Users\Mahmoudi5\documents\visual studio 2010\Projects\EvilMonkeys\EvilMonkeys\Debug\link.3896-cvtres.write.1.tlog
C:\Users\Mahmoudi5\documents\visual studio 2010\Projects\EvilMonkeys\EvilMonkeys\Debug\link.4264.read.1.tlog
C:\Users\Mahmoudi5\documents\visual studio 2010\Projects\EvilMonkeys\EvilMonkeys\Debug\link.4264.write.1.tlog
C:\Users\Mahmoudi5\documents\visual studio 2010\Projects\EvilMonkeys\EvilMonkeys\Debug\link.4264-cvtres.read.1.tlog
C:\Users\Mahmoudi5\documents\visual studio 2010\Projects\EvilMonkeys\EvilMonkeys\Debug\link.4264-cvtres.write.1.tlog
C:\Users\Mahmoudi5\documents\visual studio 2010\Projects\EvilMonkeys\EvilMonkeys\Debug\link.4504.read.1.tlog
C:\Users\Mahmoudi5\documents\visual studio 2010\Projects\EvilMonkeys\EvilMonkeys\Debug\link.4504.write.1.tlog
C:\Users\Mahmoudi5\documents\visual studio 2010\Projects\EvilMonkeys\EvilMonkeys\Debug\link.4504-cvtres.read.1.tlog
C:\Users\Mahmoudi5\documents\visual studio 2010\Projects\EvilMonkeys\EvilMonkeys\Debug\link.4504-cvtres.write.1.tlog
C:\Users\Mahmoudi5\documents\visual studio 2010\Projects\EvilMonkeys\EvilMonkeys\Debug\link.4756.read.1.tlog
C:\Users\Mahmoudi5\documents\visual studio 2010\Projects\EvilMonkeys\EvilMonkeys\Debug\link.4756.write.1.tlog
C:\Users\Mahmoudi5\documents\visual studio 2010\Projects\EvilMonkeys\EvilMonkeys\Debug\link.4756-cvtres.read.1.tlog
C:\Users\Mahmoudi5\documents\visual studio 2010\Projects\EvilMonkeys\EvilMonkeys\Debug\link.4756-cvtres.write.1.tlog
C:\Users\Mahmoudi5\documents\visual studio 2010\Projects\EvilMonkeys\EvilMonkeys\Debug\link.5028.read.1.tlog
C:\Users\Mahmoudi5\documents\visual studio 2010\Projects\EvilMonkeys\EvilMonkeys\Debug\link.5028.write.1.tlog
C:\Users\Mahmoudi5\documents\visual studio 2010\Projects\EvilMonkeys\EvilMonkeys\Debug\link.5028-cvtres.read.1.tlog
C:\Users\Mahmoudi5\documents\visual studio 2010\Projects\EvilMonkeys\EvilMonkeys\Debug\link.5028-cvtres.write.1.tlog
C:\Users\Mahmoudi5\documents\visual studio 2010\Projects\EvilMonkeys\EvilMonkeys\Debug\link.5584.read.1.tlog
C:\Users\Mahmoudi5\documents\visual studio 2010\Projects\EvilMonkeys\EvilMonkeys\Debug\link.5584.write.1.tlog
C:\Users\Mahmoudi5\documents\visual studio 2010\Projects\EvilMonkeys\EvilMonkeys\Debug\link.5584-cvtres.read.1.tlog
C:\Users\Mahmoudi5\documents\visual studio 2010\Projects\EvilMonkeys\EvilMonkeys\Debug\link.5584-cvtres.write.1.tlog
C:\Users\Mahmoudi5\documents\visual studio 2010\Projects\EvilMonkeys\EvilMonkeys\Debug\link.5744.read.1.tlog
C:\Users\Mahmoudi5\documents\visual studio 2010\Projects\EvilMonkeys\EvilMonkeys\Debug\link.5744.write.1.tlog
C:\Users\Mahmoudi5\documents\visual studio 2010\Projects\EvilMonkeys\EvilMonkeys\Debug\link.5744-cvtres.read.1.tlog
C:\Users\Mahmoudi5\documents\visual studio 2010\Projects\EvilMonkeys\EvilMonkeys\Debug\link.5744-cvtres.write.1.tlog
C:\Users\Mahmoudi5\documents\visual studio 2010\Projects\EvilMonkeys\EvilMonkeys\Debug\link.command.1.tlog
C:\Users\Mahmoudi5\documents\visual studio 2010\Projects\EvilMonkeys\EvilMonkeys\Debug\link.read.1.tlog
C:\Users\Mahmoudi5\documents\visual studio 2010\Projects\EvilMonkeys\EvilMonkeys\Debug\link.write.1.tlog
C:\Users\Mahmoudi5\documents\visual studio 2010\Projects\EvilMonkeys\EvilMonkeys\Debug\link-cvtres.read.1.tlog
C:\Users\Mahmoudi5\documents\visual studio 2010\Projects\EvilMonkeys\EvilMonkeys\Debug\link-cvtres.write.1.tlog
C:\USERS\MAHMOUDI5\DOCUMENTS\VISUAL STUDIO 2010\PROJECTS\EVILMONKEYS\EVILMONKEYS\DEBUG\MAGE.OBJ
C:\USERS\MAHMOUDI5\DOCUMENTS\VISUAL STUDIO 2010\PROJECTS\EVILMONKEYS\EVILMONKEYS\DEBUG\MAIN.OBJ
C:\Users\Mahmoudi5\documents\visual studio 2010\Projects\EvilMonkeys\EvilMonkeys\Debug\mt.command.1.tlog
C:\Users\Mahmoudi5\documents\visual studio 2010\Projects\EvilMonkeys\EvilMonkeys\Debug\mt.read.1.tlog
C:\Users\Mahmoudi5\documents\visual studio 2010\Projects\EvilMonkeys\EvilMonkeys\Debug\mt.write.1.tlog
C:\Users\Mahmoudi5\documents\visual studio 2010\Projects\EvilMonkeys\EvilMonkeys\Debug\rc.command.1.tlog
C:\Users\Mahmoudi5\documents\visual studio 2010\Projects\EvilMonkeys\EvilMonkeys\Debug\rc.read.1.tlog
C:\Users\Mahmoudi5\documents\visual studio 2010\Projects\EvilMonkeys\EvilMonkeys\Debug\rc.write.1.tlog
C:\USERS\MAHMOUDI5\DOCUMENTS\VISUAL STUDIO 2010\PROJECTS\EVILMONKEYS\EVILMONKEYS\DEBUG\SPRITE.OBJ
C:\Users\Mahmoudi5\documents\visual studio 2010\Projects\EvilMonkeys\EvilMonkeys\Debug\vc100.idb
C:\USERS\MAHMOUDI5\DOCUMENTS\VISUAL STUDIO 2010\PROJECTS\EVILMONKEYS\EVILMONKEYS\DEBUG\VC100.PDB
